[15:10:17.482] === LOG INICIADO: 24/02/2026 15:10:17 ===
[15:10:17.492] [Given] Abrindo portal de demonstração: http://127.0.0.1:5500/index.html
[15:10:18.022]   URL atual: http://127.0.0.1:5500/index.html
[15:10:18.098]   Portal carregado — iframe de notas localizado
[15:10:18.119] Acessando notas da turma: '9A'
[15:10:18.127] Acessando turma: 9A
[15:10:18.304] Turma '9A' selecionada no dropdown
[15:10:18.321] Selecionando módulo: 'T1'
[15:10:28.482] Erro ao acessar módulo: no such element: Unable to locate element: {"method":"css selector","selector":"#trimestre"}
  (Session info: chrome=145.0.7632.110); For documentation on this error, please visit: https://www.selenium.dev/documentation/webdriver/troubleshooting/errors#no-such-element-exception
[15:10:28.575] Parciais encontradas: 30
[15:10:28.594] Digitando notas — Turma: 9A | Módulo: T1
[15:10:28.599] Parciais solicitadas: 1
[15:10:28.599] Processando parcial 1: Parcial 1
[15:10:29.005]   Aluno 1: nota 9
[15:10:29.351]   Aluno 2: nota 5,1
[15:10:29.676]   Aluno 3: nota 5,4
[15:10:29.991]   Aluno 4: nota 7,8
[15:10:30.386]   Aluno 5: nota 5,4
[15:10:30.779]   Aluno 6: nota 7,4
[15:10:31.272]   Aluno 7: nota 6
[15:10:31.782]   Aluno 8: nota 6,5
[15:10:32.255]   Aluno 9: nota 5,2
[15:10:32.578]   Aluno 10: nota 7,9
[15:10:32.862]   Aluno 11: nota 6,3
[15:10:33.149]   Aluno 12: nota 6,4
[15:10:33.435]   Aluno 13: nota 8,5
[15:10:33.713]   Aluno 14: nota 7,1
[15:10:34.064]   Aluno 15: nota 5,1
[15:10:34.395]   Aluno 16: nota 7,6
[15:10:34.669]   Aluno 17: nota 5,4
[15:10:35.011]   Aluno 18: nota 5,8
[15:10:35.343]   Aluno 19: nota 4,1
[15:10:35.669]   Aluno 20: nota 5,3
[15:10:36.052]   Aluno 21: nota 4,9
[15:10:36.353]   Aluno 22: nota 8
[15:10:36.646]   Aluno 23: nota 8,6
[15:10:36.964]   Aluno 24: nota 5
[15:10:37.304]   Aluno 25: nota 5,6
[15:10:37.609]   Aluno 26: nota 5,8
[15:10:37.925]   Aluno 27: nota 7,2
[15:10:38.258]   Aluno 28: nota 7,6
[15:10:38.598]   Aluno 29: nota 5,9
[15:10:38.942]   Aluno 30: nota 5,5
[15:10:43.976] ⚠️ Confirmação de salvamento não detectada
[15:10:44.336] === LOG FINALIZADO: 24/02/2026 15:10:44 ===
